<?xml version="1.0" encoding="UTF-8"?>
<!-- Generated by org.testng.reporters.JUnitXMLReporter -->
<testsuite hostname="shapan-HP" name="Free CRM App Test Cases" tests="12" failures="0" timestamp="23 Apr 2019 03:54:36 GMT" time="124.761" errors="0">
  <testcase name="loginPageTitleTest" time="0.087" classname="com.crm.qa.testcases.LoginPageTest"/>
  <testcase name="crmLogoTest" time="0.127" classname="com.crm.qa.testcases.LoginPageTest"/>
  <testcase name="loginTest" time="4.441" classname="com.crm.qa.testcases.LoginPageTest"/>
  <testcase name="verifyHomePageTitleTest" time="0.011" classname="com.crm.qa.testcases.HomePageTest"/>
  <testcase name="verifyUserLabel" time="0.106" classname="com.crm.qa.testcases.HomePageTest"/>
  <testcase name="contactsLinkClickTest" time="0.726" classname="com.crm.qa.testcases.HomePageTest"/>
  <testcase name="verifyContactsLabelTest" time="0.042" classname="com.crm.qa.testcases.ConTactsPageTest"/>
  <testcase name="checkbosTest" time="0.124" classname="com.crm.qa.testcases.ConTactsPageTest"/>
  <testcase name="multiplecheckbosTest" time="0.499" classname="com.crm.qa.testcases.ConTactsPageTest"/>
  <testcase name="validateCreateNewContactsTest" time="2.033" classname="com.crm.qa.testcases.ConTactsPageTest"/>
  <testcase name="validateCreateNewContactsTest" time="2.236" classname="com.crm.qa.testcases.ConTactsPageTest"/>
  <testcase name="validateCreateNewContactsTest" time="2.094" classname="com.crm.qa.testcases.ConTactsPageTest"/>
</testsuite> <!-- Free CRM App Test Cases -->
