<?xml version="1.0" encoding="UTF-8"?>
<!-- Generated by org.testng.reporters.JUnitXMLReporter -->
<testsuite hostname="shapan-HP" name="Default test" tests="3" failures="0" timestamp="27 Apr 2019 04:30:03 GMT" time="30.783" errors="0">
  <testcase name="verifyHomePageTitleTest" time="0.021" classname="com.crm.qa.testcases.HomePageTest"/>
  <testcase name="verifyUserLabel" time="0.088" classname="com.crm.qa.testcases.HomePageTest"/>
  <testcase name="contactsLinkClickTest" time="1.052" classname="com.crm.qa.testcases.HomePageTest"/>
</testsuite> <!-- Default test -->
