<?xml version="1.0" encoding="UTF-8"?>
<!-- Generated by org.testng.reporters.JUnitXMLReporter -->
<testsuite hostname="shapan-HP" name="Default test" tests="3" failures="0" timestamp="27 Apr 2019 02:10:36 GMT" time="32.565" errors="0">
  <testcase name="verifyHomePageTitleTest" time="0.017" classname="com.crm.qa.testcases.HomePageTest"/>
  <testcase name="verifyUserLabel" time="0.093" classname="com.crm.qa.testcases.HomePageTest"/>
  <testcase name="contactsLinkClickTest" time="1.334" classname="com.crm.qa.testcases.HomePageTest"/>
</testsuite> <!-- Default test -->
