<?xml version="1.0" encoding="UTF-8"?>
<!-- Generated by org.testng.reporters.JUnitXMLReporter -->
<testsuite hostname="shapan-HP" name="Command line test" tests="12" failures="0" timestamp="27 Apr 2019 06:38:31 GMT" time="123.08" errors="0">
  <testcase name="verifyContactsLabelTest" time="0.055" classname="com.crm.qa.testcases.ConTactsPageTest"/>
  <testcase name="verifyHomePageTitleTest" time="0.011" classname="com.crm.qa.testcases.HomePageTest"/>
  <testcase name="loginPageTitleTest" time="0.073" classname="com.crm.qa.testcases.LoginPageTest"/>
  <testcase name="checkbosTest" time="0.133" classname="com.crm.qa.testcases.ConTactsPageTest"/>
  <testcase name="verifyUserLabel" time="0.259" classname="com.crm.qa.testcases.HomePageTest"/>
  <testcase name="crmLogoTest" time="0.121" classname="com.crm.qa.testcases.LoginPageTest"/>
  <testcase name="multiplecheckbosTest" time="0.398" classname="com.crm.qa.testcases.ConTactsPageTest"/>
  <testcase name="contactsLinkClickTest" time="0.835" classname="com.crm.qa.testcases.HomePageTest"/>
  <testcase name="loginTest" time="2.765" classname="com.crm.qa.testcases.LoginPageTest"/>
  <testcase name="validateCreateNewContactsTest" time="2.125" classname="com.crm.qa.testcases.ConTactsPageTest"/>
  <testcase name="validateCreateNewContactsTest" time="2.156" classname="com.crm.qa.testcases.ConTactsPageTest"/>
  <testcase name="validateCreateNewContactsTest" time="2.02" classname="com.crm.qa.testcases.ConTactsPageTest"/>
</testsuite> <!-- Command line test -->
