<?xml version="1.0" encoding="UTF-8"?>
<!-- Generated by org.testng.reporters.JUnitXMLReporter -->
<testsuite hostname="shapan-HP" name="Command line test" tests="12" failures="0" timestamp="27 Apr 2019 03:39:53 GMT" time="120.372" errors="0">
  <testcase name="verifyContactsLabelTest" time="0.045" classname="com.crm.qa.testcases.ConTactsPageTest"/>
  <testcase name="verifyHomePageTitleTest" time="0.013" classname="com.crm.qa.testcases.HomePageTest"/>
  <testcase name="loginPageTitleTest" time="0.014" classname="com.crm.qa.testcases.LoginPageTest"/>
  <testcase name="checkbosTest" time="0.13" classname="com.crm.qa.testcases.ConTactsPageTest"/>
  <testcase name="verifyUserLabel" time="0.096" classname="com.crm.qa.testcases.HomePageTest"/>
  <testcase name="crmLogoTest" time="0.07" classname="com.crm.qa.testcases.LoginPageTest"/>
  <testcase name="multiplecheckbosTest" time="0.456" classname="com.crm.qa.testcases.ConTactsPageTest"/>
  <testcase name="contactsLinkClickTest" time="0.911" classname="com.crm.qa.testcases.HomePageTest"/>
  <testcase name="loginTest" time="2.449" classname="com.crm.qa.testcases.LoginPageTest"/>
  <testcase name="validateCreateNewContactsTest" time="2.534" classname="com.crm.qa.testcases.ConTactsPageTest"/>
  <testcase name="validateCreateNewContactsTest" time="1.939" classname="com.crm.qa.testcases.ConTactsPageTest"/>
  <testcase name="validateCreateNewContactsTest" time="2.128" classname="com.crm.qa.testcases.ConTactsPageTest"/>
</testsuite> <!-- Command line test -->
